2018-07-10 11:01:45,964 INFO o.a.j.u.JMeterUtils: Setting Locale to zh_CN
2018-07-10 11:01:45,991 INFO o.a.j.JMeter: Loading system properties from: system.properties
2018-07-10 11:01:46,021 INFO o.a.j.JMeter: Copyright (c) 1998-2018 The Apache Software Foundation
2018-07-10 11:01:46,021 INFO o.a.j.JMeter: Version 4.0 r1823414
2018-07-10 11:01:46,021 INFO o.a.j.JMeter: java.version=1.8.0_131
2018-07-10 11:01:46,022 INFO o.a.j.JMeter: java.vm.name=Java HotSpot(TM) 64-Bit Server VM
2018-07-10 11:01:46,022 INFO o.a.j.JMeter: os.name=Windows 10
2018-07-10 11:01:46,022 INFO o.a.j.JMeter: os.arch=amd64
2018-07-10 11:01:46,022 INFO o.a.j.JMeter: os.version=10.0
2018-07-10 11:01:46,022 INFO o.a.j.JMeter: file.encoding=GBK
2018-07-10 11:01:46,022 INFO o.a.j.JMeter: Max memory     =514850816
2018-07-10 11:01:46,022 INFO o.a.j.JMeter: Available Processors =4
2018-07-10 11:01:46,042 INFO o.a.j.JMeter: Default Locale=中文 (中国)
2018-07-10 11:01:46,042 INFO o.a.j.JMeter: JMeter  Locale=中文 (中国)
2018-07-10 11:01:46,042 INFO o.a.j.JMeter: JMeterHome=D:\Users\zhuyufeng\workspace\autoTest\target\jmeter
2018-07-10 11:01:46,042 INFO o.a.j.JMeter: user.dir  =D:\Users\zhuyufeng\workspace\autoTest\target\jmeter\bin
2018-07-10 11:01:46,042 INFO o.a.j.JMeter: PWD       =D:\Users\zhuyufeng\workspace\autoTest\target\jmeter\bin
2018-07-10 11:01:46,129 INFO o.a.j.JMeter: IP: 10.0.75.1 Name: DESKTOP-QP9Q16C FullName: DESKTOP-QP9Q16C
2018-07-10 11:01:46,130 INFO o.a.j.JMeter: Setting property 'jmeter.reportgenerator.outputdir' to:'D:\Users\zhuyufeng\workspace\autoTest\target\jmeter\reports\hdwyyz_20180710_110136'
2018-07-10 11:01:46,132 INFO o.a.j.s.FileServer: Default base='D:\Users\zhuyufeng\workspace\autoTest\target\jmeter\bin'
2018-07-10 11:01:46,171 INFO o.a.j.s.FileServer: Set new base='D:\Users\zhuyufeng\workspace\autoTest\target\jmeter\testFiles'
2018-07-10 11:01:46,551 INFO o.a.j.s.SaveService: Testplan (JMX) version: 2.2. Testlog (JTL) version: 2.2
2018-07-10 11:01:46,584 INFO o.a.j.s.SaveService: Using SaveService properties file encoding UTF-8
2018-07-10 11:01:46,602 INFO o.a.j.s.SaveService: Using SaveService properties version 4.0
2018-07-10 11:01:46,608 INFO o.a.j.s.SaveService: Loading file: D:\Users\zhuyufeng\workspace\autoTest\target\jmeter\testFiles\hdwyyz.jmx
2018-07-10 11:01:46,672 INFO o.a.j.p.h.s.HTTPSamplerBase: Parser for text/html is org.apache.jmeter.protocol.http.parser.LagartoBasedHtmlParser
2018-07-10 11:01:46,672 INFO o.a.j.p.h.s.HTTPSamplerBase: Parser for application/xhtml+xml is org.apache.jmeter.protocol.http.parser.LagartoBasedHtmlParser
2018-07-10 11:01:46,672 INFO o.a.j.p.h.s.HTTPSamplerBase: Parser for application/xml is org.apache.jmeter.protocol.http.parser.LagartoBasedHtmlParser
2018-07-10 11:01:46,672 INFO o.a.j.p.h.s.HTTPSamplerBase: Parser for text/xml is org.apache.jmeter.protocol.http.parser.LagartoBasedHtmlParser
2018-07-10 11:01:46,672 INFO o.a.j.p.h.s.HTTPSamplerBase: Parser for text/vnd.wap.wml is org.apache.jmeter.protocol.http.parser.RegexpHTMLParser
2018-07-10 11:01:46,672 INFO o.a.j.p.h.s.HTTPSamplerBase: Parser for text/css is org.apache.jmeter.protocol.http.parser.CssParser
2018-07-10 11:01:47,263 INFO o.a.j.JMeter: Creating summariser <summary>
2018-07-10 11:01:47,278 INFO o.a.j.r.d.ReportGenerator: ReportGenerator will use for Parsing the separator: ','
2018-07-10 11:01:47,278 INFO o.a.j.r.d.ReportGenerator: Will generate report at end of test from  results file: D:\Users\zhuyufeng\workspace\autoTest\target\jmeter\results\hdwyyz-20180710.csv
2018-07-10 11:01:47,278 INFO o.a.j.r.d.ReportGenerator: Reading report generator properties from: D:\Users\zhuyufeng\workspace\autoTest\target\jmeter\bin\reportgenerator.properties
2018-07-10 11:01:47,280 INFO o.a.j.r.d.ReportGenerator: Merging with JMeter properties
2018-07-10 11:01:47,300 INFO o.a.j.r.c.ReportGeneratorConfiguration: Property 'jmeter.reportgenerator.temp_dir' not found, using default value 'temp' instead.
2018-07-10 11:01:47,303 INFO o.a.j.r.c.ReportGeneratorConfiguration: Property 'jmeter.reportgenerator.apdex_per_transaction' not found, using default value 'null' instead.
2018-07-10 11:01:47,303 INFO o.a.j.r.c.ReportGeneratorConfiguration: apdex_per_transaction : {} is empty, not APDEX per transaction customization
2018-07-10 11:01:47,303 INFO o.a.j.r.c.ReportGeneratorConfiguration: Property 'jmeter.reportgenerator.sample_filter' not found, using default value 'null' instead.
2018-07-10 11:01:47,303 INFO o.a.j.r.c.ReportGeneratorConfiguration: Property 'jmeter.reportgenerator.report_title' not found, using default value 'null' instead.
2018-07-10 11:01:47,303 INFO o.a.j.r.c.ReportGeneratorConfiguration: Property 'jmeter.reportgenerator.start_date' not found, using default value 'null' instead.
2018-07-10 11:01:47,303 INFO o.a.j.r.c.ReportGeneratorConfiguration: Property 'jmeter.reportgenerator.end_date' not found, using default value 'null' instead.
2018-07-10 11:01:47,303 INFO o.a.j.r.c.ReportGeneratorConfiguration: Property 'jmeter.reportgenerator.date_format' not found, using default value 'null' instead.
2018-07-10 11:01:47,304 INFO o.a.j.r.c.ReportGeneratorConfiguration: Will use date range start date: null, end date: null
2018-07-10 11:01:47,320 INFO o.a.j.r.c.ReportGeneratorConfiguration: Property 'jmeter.reportgenerator.graph.activeThreadsOverTime.exclude_controllers' not found, using default value 'false' instead.
2018-07-10 11:01:47,320 INFO o.a.j.r.c.ReportGeneratorConfiguration: Property 'jmeter.reportgenerator.graph.timeVsThreads.exclude_controllers' not found, using default value 'false' instead.
2018-07-10 11:01:47,320 INFO o.a.j.r.c.ReportGeneratorConfiguration: Property 'jmeter.reportgenerator.graph.responseTimeDistribution.exclude_controllers' not found, using default value 'false' instead.
2018-07-10 11:01:47,320 INFO o.a.j.r.c.ReportGeneratorConfiguration: Property 'jmeter.reportgenerator.graph.transactionsPerSecond.exclude_controllers' not found, using default value 'false' instead.
2018-07-10 11:01:47,320 INFO o.a.j.r.c.ReportGeneratorConfiguration: Property 'jmeter.reportgenerator.graph.responseTimePercentiles.exclude_controllers' not found, using default value 'false' instead.
2018-07-10 11:01:47,321 INFO o.a.j.r.c.ReportGeneratorConfiguration: Property 'jmeter.reportgenerator.graph.responseTimePercentilesOverTime.exclude_controllers' not found, using default value 'false' instead.
2018-07-10 11:01:47,321 INFO o.a.j.r.c.ReportGeneratorConfiguration: Property 'jmeter.reportgenerator.graph.responseTimesOverTime.exclude_controllers' not found, using default value 'false' instead.
2018-07-10 11:01:47,321 INFO o.a.j.r.c.ReportGeneratorConfiguration: Property 'jmeter.reportgenerator.graph.connectTimeOverTime.exclude_controllers' not found, using default value 'false' instead.
2018-07-10 11:01:47,321 INFO o.a.j.r.c.ReportGeneratorConfiguration: Property 'jmeter.reportgenerator.graph.latenciesOverTime.exclude_controllers' not found, using default value 'false' instead.
2018-07-10 11:01:47,322 INFO o.a.j.r.c.ReportGeneratorConfiguration: Property 'jmeter.reportgenerator.exporter.html.filters_only_sample_series' not found, using default value 'true' instead.
2018-07-10 11:01:47,322 INFO o.a.j.r.c.ReportGeneratorConfiguration: Property 'jmeter.reportgenerator.exporter.html.series_filter' not found, using default value '' instead.
2018-07-10 11:01:47,322 INFO o.a.j.r.c.ReportGeneratorConfiguration: Property 'jmeter.reportgenerator.exporter.html.show_controllers_only' not found, using default value 'false' instead.
2018-07-10 11:01:47,326 INFO o.a.j.e.StandardJMeterEngine: Running the test!
2018-07-10 11:01:47,329 INFO o.a.j.s.SampleEvent: List of sample_variables: []
2018-07-10 11:01:47,329 INFO o.a.j.s.SampleEvent: List of sample_variables: []
2018-07-10 11:01:47,336 INFO o.a.j.e.u.CompoundVariable: Note: Function class names must contain the string: '.functions.'
2018-07-10 11:01:47,336 INFO o.a.j.e.u.CompoundVariable: Note: Function class names must not contain the string: '.gui.'
2018-07-10 11:01:48,069 INFO o.a.j.JMeter: 正在运行的测试 (1531191708069)
2018-07-10 11:01:48,140 INFO o.a.j.e.StandardJMeterEngine: Starting ThreadGroup: 1 : GET-token
2018-07-10 11:01:48,140 INFO o.a.j.e.StandardJMeterEngine: Starting 1 threads for group GET-token.
2018-07-10 11:01:48,140 INFO o.a.j.e.StandardJMeterEngine: Thread will continue on error
2018-07-10 11:01:48,141 INFO o.a.j.t.ThreadGroup: Starting thread group... number=1 threads=1 ramp-up=1 perThread=1000.0 delayedStart=false
2018-07-10 11:01:48,148 INFO o.a.j.t.ThreadGroup: Started thread group number 1
2018-07-10 11:01:48,148 INFO o.a.j.e.StandardJMeterEngine: Starting ThreadGroup: 2 : 单位类别、单位编号、人员编号匹配
2018-07-10 11:01:48,148 INFO o.a.j.e.StandardJMeterEngine: Starting 1 threads for group 单位类别、单位编号、人员编号匹配.
2018-07-10 11:01:48,149 INFO o.a.j.e.StandardJMeterEngine: Thread will continue on error
2018-07-10 11:01:48,149 INFO o.a.j.t.ThreadGroup: Starting thread group... number=2 threads=1 ramp-up=1 perThread=1000.0 delayedStart=false
2018-07-10 11:01:48,150 INFO o.a.j.t.ThreadGroup: Started thread group number 2
2018-07-10 11:01:48,150 INFO o.a.j.e.StandardJMeterEngine: All thread groups have been started
2018-07-10 11:01:48,179 INFO o.a.j.t.JMeterThread: Thread started: GET-token 1-1
2018-07-10 11:01:48,179 INFO o.a.j.t.JMeterThread: Thread started: 单位类别、单位编号、人员编号匹配 2-1
2018-07-10 11:01:48,240 INFO o.a.j.p.h.s.HTTPHCAbstractImpl: Local host = DESKTOP-QP9Q16C
2018-07-10 11:01:48,257 INFO o.a.j.p.h.s.HTTPHC4Impl: HTTP request retry count = 0
2018-07-10 11:01:48,266 INFO o.a.j.s.SampleResult: Note: Sample TimeStamps are START times
2018-07-10 11:01:48,266 INFO o.a.j.s.SampleResult: sampleresult.default.encoding is set to ISO-8859-1
2018-07-10 11:01:48,266 INFO o.a.j.s.SampleResult: sampleresult.useNanoTime=true
2018-07-10 11:01:48,266 INFO o.a.j.s.SampleResult: sampleresult.nanoThreadSleep=5000
2018-07-10 11:01:48,459 INFO o.a.j.t.JMeterThread: Thread is done: 单位类别、单位编号、人员编号匹配 2-1
2018-07-10 11:01:48,459 INFO o.a.j.t.JMeterThread: Thread finished: 单位类别、单位编号、人员编号匹配 2-1
2018-07-10 11:01:48,474 INFO o.a.j.u.BeanShellTestElement: **********eyJhbGciOiJIUzI1NiIsInR5cCI6IkpXVCJ9.eyJzY29wZSI6WyJyZWFkIiwid3JpdGUiXSwiZXhwIjoxNTMxMTk1Mjc3LCJqdGkiOiI5MTBiYzhmNS1lYjY2LTRiNTAtYjE0Yy0yMmE5ODAxOWM1YzciLCJjbGllbnRfaWQiOiJjb20udGh1bmlzb2Z0Lm5wIn0.gvp5FOmZ08wpCdzwHIqt3DfNT2XCXoaIHDuYZriyWZA
2018-07-10 11:01:48,487 INFO o.a.j.t.JMeterThread: Thread is done: GET-token 1-1
2018-07-10 11:01:48,487 INFO o.a.j.t.JMeterThread: Thread finished: GET-token 1-1
2018-07-10 11:01:48,488 INFO o.a.j.e.StandardJMeterEngine: Notifying test listeners of end of test
2018-07-10 11:01:48,493 INFO o.a.j.r.Summariser: summary =      2 in 00:00:00 =    4.7/s Avg:   144 Min:   141 Max:   148 Err:     1 (50.00%)
2018-07-10 11:01:48,493 INFO o.a.j.JMeter: Generating Dashboard
2018-07-10 11:01:48,494 INFO o.a.j.r.d.ReportGenerator: Flushing result collector before report Generation
2018-07-10 11:01:48,517 INFO o.a.j.r.p.NormalizerSampleConsumer: Using format, 'ms', to parse timeStamp field
2018-07-10 11:01:48,695 INFO o.a.j.r.p.AbstractSampleConsumer: class org.apache.jmeter.report.processor.AggregateConsumer#stopProducing(): beginDate produced 0 samples
2018-07-10 11:01:48,695 INFO o.a.j.r.p.AbstractSampleConsumer: class org.apache.jmeter.report.processor.AggregateConsumer#stopProducing(): endDate produced 0 samples
2018-07-10 11:01:48,716 INFO o.a.j.r.p.AbstractSampleConsumer: class org.apache.jmeter.report.processor.ApdexSummaryConsumer#stopProducing(): apdexSummary produced 0 samples
2018-07-10 11:01:48,716 INFO o.a.j.r.p.AbstractSampleConsumer: class org.apache.jmeter.report.processor.RequestsSummaryConsumer#stopProducing(): requestsSummary produced 0 samples
2018-07-10 11:01:48,738 INFO o.a.j.r.p.AbstractSampleConsumer: class org.apache.jmeter.report.processor.StatisticsSummaryConsumer#stopProducing(): statisticsSummary produced 0 samples
2018-07-10 11:01:48,755 INFO o.a.j.r.p.AbstractSampleConsumer: class org.apache.jmeter.report.processor.Top5ErrorsBySamplerConsumer#stopProducing(): top5ErrorsBySampler produced 0 samples
2018-07-10 11:01:48,756 INFO o.a.j.r.p.AbstractSampleConsumer: class org.apache.jmeter.report.processor.ErrorsSummaryConsumer#stopProducing(): errorsSummary produced 0 samples
2018-07-10 11:01:48,756 INFO o.a.j.r.p.AbstractSampleConsumer: class org.apache.jmeter.report.processor.graph.impl.HitsPerSecondGraphConsumer#stopProducing(): hitsPerSecond produced 0 samples
2018-07-10 11:01:48,816 INFO o.a.j.r.p.AbstractSampleConsumer: class org.apache.jmeter.report.processor.graph.impl.LatencyVSRequestGraphConsumer#stopProducing(): latencyVsRequest produced 0 samples
2018-07-10 11:01:48,817 INFO o.a.j.r.p.AbstractSampleConsumer: class org.apache.jmeter.report.processor.graph.impl.SyntheticResponseTimeDistributionGraphConsumer#stopProducing(): syntheticResponseTimeDistribution produced 0 samples
2018-07-10 11:01:48,817 INFO o.a.j.r.p.AbstractSampleConsumer: class org.apache.jmeter.report.processor.graph.impl.BytesThroughputGraphConsumer#stopProducing(): bytesThroughputOverTime produced 0 samples
2018-07-10 11:01:48,819 INFO o.a.j.r.p.AbstractSampleConsumer: class org.apache.jmeter.report.processor.graph.impl.CodesPerSecondGraphConsumer#stopProducing(): codesPerSecond produced 0 samples
2018-07-10 11:01:48,822 INFO o.a.j.r.p.AbstractSampleConsumer: class org.apache.jmeter.report.processor.graph.impl.ResponseTimeVSRequestGraphConsumer#stopProducing(): responseTimeVsRequest produced 0 samples
2018-07-10 11:01:48,822 INFO o.a.j.r.p.AbstractSampleConsumer: class org.apache.jmeter.report.processor.FilterConsumer#stopProducing(): startIntervalControlerFilter produced 14 samples
2018-07-10 11:01:48,822 INFO o.a.j.r.p.AbstractSampleConsumer: class org.apache.jmeter.report.processor.graph.impl.ActiveThreadsGraphConsumer#stopProducing(): activeThreadsOverTime produced 0 samples
2018-07-10 11:01:48,822 INFO o.a.j.r.p.AbstractSampleConsumer: class org.apache.jmeter.report.processor.graph.impl.TimeVSThreadGraphConsumer#stopProducing(): timeVsThreads produced 0 samples
2018-07-10 11:01:48,823 INFO o.a.j.r.p.AbstractSampleConsumer: class org.apache.jmeter.report.processor.graph.impl.ResponseTimeDistributionGraphConsumer#stopProducing(): responseTimeDistribution produced 0 samples
2018-07-10 11:01:48,823 INFO o.a.j.r.p.AbstractSampleConsumer: class org.apache.jmeter.report.processor.graph.impl.TransactionsPerSecondGraphConsumer#stopProducing(): transactionsPerSecond produced 0 samples
2018-07-10 11:01:48,823 INFO o.a.j.r.p.AbstractSampleConsumer: class org.apache.jmeter.report.processor.graph.impl.ResponseTimePercentilesGraphConsumer#stopProducing(): responseTimePercentiles produced 0 samples
2018-07-10 11:01:48,823 INFO o.a.j.r.p.AbstractSampleConsumer: class org.apache.jmeter.report.processor.graph.impl.ResponseTimePercentilesOverTimeGraphConsumer#stopProducing(): responseTimePercentilesOverTime produced 0 samples
2018-07-10 11:01:48,823 INFO o.a.j.r.p.AbstractSampleConsumer: class org.apache.jmeter.report.processor.graph.impl.ResponseTimeOverTimeGraphConsumer#stopProducing(): responseTimesOverTime produced 0 samples
2018-07-10 11:01:48,824 INFO o.a.j.r.p.AbstractSampleConsumer: class org.apache.jmeter.report.processor.graph.impl.ConnectTimeOverTimeGraphConsumer#stopProducing(): connectTimeOverTime produced 0 samples
2018-07-10 11:01:48,824 INFO o.a.j.r.p.AbstractSampleConsumer: class org.apache.jmeter.report.processor.graph.impl.LatencyOverTimeGraphConsumer#stopProducing(): latenciesOverTime produced 0 samples
2018-07-10 11:01:48,824 INFO o.a.j.r.p.AbstractSampleConsumer: class org.apache.jmeter.report.processor.FilterConsumer#stopProducing(): nameFilter produced 28 samples
2018-07-10 11:01:48,824 INFO o.a.j.r.p.AbstractSampleConsumer: class org.apache.jmeter.report.processor.FilterConsumer#stopProducing(): dateRangeFilter produced 6 samples
2018-07-10 11:01:48,824 INFO o.a.j.r.p.AbstractSampleConsumer: class org.apache.jmeter.report.processor.NormalizerSampleConsumer#stopProducing(): normalizer produced 2 samples
2018-07-10 11:01:48,824 INFO o.a.j.r.p.CsvFileSampleSource: produce(): 2 samples produced in 287ms on channel 0
2018-07-10 11:01:48,824 INFO o.a.j.r.d.ReportGenerator: Exporting data using exporter:'html' of className:'org.apache.jmeter.report.dashboard.HtmlTemplateExporter'
2018-07-10 11:01:48,827 INFO o.a.j.r.d.HtmlTemplateExporter: Will generate dashboard in folder: D:\Users\zhuyufeng\workspace\autoTest\target\jmeter\reports\hdwyyz_20180710_110136
2018-07-10 11:01:48,915 INFO o.a.j.r.d.HtmlTemplateExporter: Report will be generated in: D:\Users\zhuyufeng\workspace\autoTest\target\jmeter\reports\hdwyyz_20180710_110136, creating folder structure
2018-07-10 11:01:49,328 INFO o.a.j.JMeter: Dashboard generated
